This function requires 3 arguments
  - PDF ID (14400=CT18 NLO, 21100=MSTW2008nlo68cl, 3=CT14LL, 4=CTEQ6M)
Initial point and final point 
 MadLoop parameter passed 
LHAPDF 6.4.0 loading /home/matteo/LHAPDF/share/LHAPDF/MSTW2008nlo68cl/MSTW2008nlo68cl_0000.dat
MSTW2008nlo68cl PDF set, member #0, version 2; LHAPDF ID = 21100
LHAPDF 6.4.0 loading /home/matteo/LHAPDF/share/LHAPDF/MSTW2008nlo68cl/MSTW2008nlo68cl_0000.dat
MSTW2008nlo68cl PDF set, member #0, version 2; LHAPDF ID = 21100
LHAPDF 6.4.0 loading /home/matteo/LHAPDF/share/LHAPDF/MSTW2008nlo68cl/MSTW2008nlo68cl_0000.dat
MSTW2008nlo68cl PDF set, member #0, version 2; LHAPDF ID = 21100
LHAPDF 6.4.0 loading /home/matteo/LHAPDF/share/LHAPDF/MSTW2008nlo68cl/MSTW2008nlo68cl_0000.dat
MSTW2008nlo68cl PDF set, member #0, version 2; LHAPDF ID = 21100
LHAPDF 6.4.0 loading /home/matteo/LHAPDF/share/LHAPDF/MSTW2008nlo68cl/MSTW2008nlo68cl_0000.dat
MSTW2008nlo68cl PDF set, member #0, version 2; LHAPDF ID = 21100
LHAPDF 6.4.0 loading /home/matteo/LHAPDF/share/LHAPDF/MSTW2008nlo68cl/MSTW2008nlo68cl_0000.dat
MSTW2008nlo68cl PDF set, member #0, version 2; LHAPDF ID = 21100
LHAPDF 6.4.0 loading /home/matteo/LHAPDF/share/LHAPDF/MSTW2008nlo68cl/MSTW2008nlo68cl_0000.dat
MSTW2008nlo68cl PDF set, member #0, version 2; LHAPDF ID = 21100
LHAPDF 6.4.0 loading /home/matteo/LHAPDF/share/LHAPDF/MSTW2008nlo68cl/MSTW2008nlo68cl_0000.dat
MSTW2008nlo68cl PDF set, member #0, version 2; LHAPDF ID = 21100
LHAPDF 6.4.0 loading /home/matteo/LHAPDF/share/LHAPDF/MSTW2008nlo68cl/MSTW2008nlo68cl_0000.dat
MSTW2008nlo68cl PDF set, member #0, version 2; LHAPDF ID = 21100
The limits of integration are:

xl[0]=0.000000    xu[0]=1.000000
xl[1]=0.000000    xu[1]=1.000000

num_dim=2, calls=32, it_num=1, max_it_num=5 verb=0, alph=1.50,
mode=1, bins=50, boxes=4

       single.......iteration                   accumulated......results   
iteration     integral    sigma             integral         sigma     chi-sq/it

   1        5.5329e-05   1.79e-05          5.5329e-05      1.79e-05    0.00e+00
   2        2.5095e-05   6.57e-06          2.8678e-05      6.17e-06    2.51e+00
   3        2.5270e-05   5.32e-06          2.6723e-05      4.03e-06    1.34e+00
   4        2.2912e-05   5.03e-06          2.5235e-05      3.14e-06    1.01e+00
   5        3.6072e-05   1.49e-05          2.5697e-05      3.08e-06    8.86e-01

num_dim=2, calls=1922, it_num=1, max_it_num=3 verb=0, alph=1.50,
mode=-1, bins=31, boxes=31

       single.......iteration                   accumulated......results   
iteration     integral    sigma             integral         sigma     chi-sq/it

   1        2.7888e-05   2.22e-06          2.7888e-05      2.22e-06    0.00e+00
   2        2.6486e-05   4.75e-07          2.6547e-05      4.64e-07    3.81e-01
   3        2.6796e-05   2.02e-07          2.6757e-05      1.85e-07    3.12e-01
 ** INFO: Refine-1 results: 2.67566e-05 +/- 1.84855e-07 pb  (@ 0.69%).

num_dim=2, calls=10000, it_num=1, max_it_num=3 verb=0, alph=1.50,
mode=-1, bins=50, boxes=50

       single.......iteration                   accumulated......results   
iteration     integral    sigma             integral         sigma     chi-sq/it

   1        2.6693e-05   3.60e-08          2.6693e-05      3.60e-08    0.00e+00
   2        2.6665e-05   2.75e-08          2.6675e-05      2.19e-08    3.78e-01
   3        2.6663e-05   2.63e-08          2.6670e-05      1.68e-08    2.48e-01
 ** INFO: Refine-2 results: 2.66704e-05 +/- 1.68116e-08 pb  (@ 0.06%).
 ** INFO: final results: 2.66704e-05 +/- 1.68116e-08 pb  (@ 0.06%).
Born done 
The limits of integration are:

xl[0]=0.000000    xu[0]=1.000000
xl[1]=0.000000    xu[1]=1.000000
xl[2]=0.000000    xu[2]=1.000000
xl[3]=0.000000    xu[3]=1.000000

num_dim=4, calls=32, it_num=1, max_it_num=5 verb=0, alph=1.50,
mode=1, bins=50, boxes=2

       single.......iteration                   accumulated......results   
iteration     integral    sigma             integral         sigma     chi-sq/it

   1        0.0000e+00   0.00e+00          0.0000e+00      0.00e+00    0.00e+00
   2        0.0000e+00   0.00e+00          0.0000e+00      0.00e+00    0.00e+00
   3        0.0000e+00   0.00e+00          0.0000e+00      0.00e+00    0.00e+00
   4        0.0000e+00   0.00e+00          0.0000e+00      0.00e+00    0.00e+00
   5        0.0000e+00   0.00e+00          0.0000e+00      0.00e+00    0.00e+00

num_dim=4, calls=1875, it_num=1, max_it_num=3 verb=0, alph=1.50,
mode=1, bins=50, boxes=5

       single.......iteration                   accumulated......results   
iteration     integral    sigma             integral         sigma     chi-sq/it

   1        0.0000e+00   0.00e+00          0.0000e+00      0.00e+00    0.00e+00
   2        0.0000e+00   0.00e+00          0.0000e+00      0.00e+00    0.00e+00
   3        0.0000e+00   0.00e+00          0.0000e+00      0.00e+00    0.00e+00
 ** INFO: Refine-1 results: 0 +/- 0 pb  (@ 0.00%).
 ** INFO: final results: 0 +/- 0 pb  (@ 0.00%).
Born done 
Diff done 
Resummed done 
Expanded done 
 Step n ° 1 over 7
 Duration : 9.22572
ML= 684.093, mur= 342.047, muf= 342.047
Born= 0, Diff= 0
 Step N ° 1 over 1
 Duration : 9.22579
Thanks for using LHAPDF 6.4.0. Please make sure to cite the paper:
  Eur.Phys.J. C75 (2015) 3, 132  (http://arxiv.org/abs/1412.7420)
