This function requires 3 arguments
  - PDF ID (14400=CT18 NLO, 21100=MSTW2008nlo68cl, 3=CT14LL, 4=CTEQ6M)
Initial point and final point 
 MadLoop parameter passed 
LHAPDF 6.4.0 loading /home/matteo/LHAPDF/share/LHAPDF/MSTW2008nlo68cl/MSTW2008nlo68cl_0000.dat
MSTW2008nlo68cl PDF set, member #0, version 2; LHAPDF ID = 21100
LHAPDF 6.4.0 loading /home/matteo/LHAPDF/share/LHAPDF/MSTW2008nlo68cl/MSTW2008nlo68cl_0000.dat
MSTW2008nlo68cl PDF set, member #0, version 2; LHAPDF ID = 21100
LHAPDF 6.4.0 loading /home/matteo/LHAPDF/share/LHAPDF/MSTW2008nlo68cl/MSTW2008nlo68cl_0000.dat
MSTW2008nlo68cl PDF set, member #0, version 2; LHAPDF ID = 21100
LHAPDF 6.4.0 loading /home/matteo/LHAPDF/share/LHAPDF/MSTW2008nlo68cl/MSTW2008nlo68cl_0000.dat
MSTW2008nlo68cl PDF set, member #0, version 2; LHAPDF ID = 21100
LHAPDF 6.4.0 loading /home/matteo/LHAPDF/share/LHAPDF/MSTW2008nlo68cl/MSTW2008nlo68cl_0000.dat
MSTW2008nlo68cl PDF set, member #0, version 2; LHAPDF ID = 21100
LHAPDF 6.4.0 loading /home/matteo/LHAPDF/share/LHAPDF/MSTW2008nlo68cl/MSTW2008nlo68cl_0000.dat
MSTW2008nlo68cl PDF set, member #0, version 2; LHAPDF ID = 21100
LHAPDF 6.4.0 loading /home/matteo/LHAPDF/share/LHAPDF/MSTW2008nlo68cl/MSTW2008nlo68cl_0000.dat
MSTW2008nlo68cl PDF set, member #0, version 2; LHAPDF ID = 21100
LHAPDF 6.4.0 loading /home/matteo/LHAPDF/share/LHAPDF/MSTW2008nlo68cl/MSTW2008nlo68cl_0000.dat
MSTW2008nlo68cl PDF set, member #0, version 2; LHAPDF ID = 21100
LHAPDF 6.4.0 loading /home/matteo/LHAPDF/share/LHAPDF/MSTW2008nlo68cl/MSTW2008nlo68cl_0000.dat
MSTW2008nlo68cl PDF set, member #0, version 2; LHAPDF ID = 21100
The limits of integration are:

xl[0]=0.000000    xu[0]=1.000000
xl[1]=0.000000    xu[1]=1.000000

num_dim=2, calls=32, it_num=1, max_it_num=5 verb=0, alph=1.50,
mode=1, bins=50, boxes=4

       single.......iteration                   accumulated......results   
iteration     integral    sigma             integral         sigma     chi-sq/it

   1        1.0680e-05   4.80e-06          1.0680e-05      4.80e-06    0.00e+00
   2        1.3653e-05   3.57e-06          1.2593e-05      2.87e-06    2.47e-01
   3        1.3283e-05   3.44e-06          1.2876e-05      2.20e-06    1.35e-01
   4        9.7232e-06   1.97e-06          1.1129e-05      1.47e-06    4.69e-01
   5        8.0769e-06   2.29e-06          1.0238e-05      1.24e-06    6.67e-01

num_dim=2, calls=1922, it_num=1, max_it_num=3 verb=0, alph=1.50,
mode=-1, bins=31, boxes=31

       single.......iteration                   accumulated......results   
iteration     integral    sigma             integral         sigma     chi-sq/it

   1        9.3425e-06   3.58e-07          9.3425e-06      3.58e-07    0.00e+00
   2        9.3790e-06   9.45e-08          9.3767e-06      9.13e-08    9.75e-03
   3        9.3700e-06   4.71e-08          9.3714e-06      4.19e-08    6.96e-03
 ** INFO: Refine-1 results: 9.37141e-06 +/- 4.18942e-08 pb  (@ 0.45%).
 ** INFO: final results: 9.37141e-06 +/- 4.18942e-08 pb  (@ 0.45%).
Born done 
The limits of integration are:

xl[0]=0.000000    xu[0]=1.000000
xl[1]=0.000000    xu[1]=1.000000
xl[2]=0.000000    xu[2]=1.000000
xl[3]=0.000000    xu[3]=1.000000

num_dim=4, calls=32, it_num=1, max_it_num=5 verb=0, alph=1.50,
mode=1, bins=50, boxes=2

       single.......iteration                   accumulated......results   
iteration     integral    sigma             integral         sigma     chi-sq/it

   1        0.0000e+00   0.00e+00          0.0000e+00      0.00e+00    0.00e+00
   2        0.0000e+00   0.00e+00          0.0000e+00      0.00e+00    0.00e+00
   3        0.0000e+00   0.00e+00          0.0000e+00      0.00e+00    0.00e+00
   4        0.0000e+00   0.00e+00          0.0000e+00      0.00e+00    0.00e+00
   5        0.0000e+00   0.00e+00          0.0000e+00      0.00e+00    0.00e+00

num_dim=4, calls=1875, it_num=1, max_it_num=3 verb=0, alph=1.50,
mode=1, bins=50, boxes=5

       single.......iteration                   accumulated......results   
iteration     integral    sigma             integral         sigma     chi-sq/it

   1        0.0000e+00   0.00e+00          0.0000e+00      0.00e+00    0.00e+00
   2        0.0000e+00   0.00e+00          0.0000e+00      0.00e+00    0.00e+00
   3        0.0000e+00   0.00e+00          0.0000e+00      0.00e+00    0.00e+00
 ** INFO: Refine-1 results: 0 +/- 0 pb  (@ 0.00%).
 ** INFO: final results: 0 +/- 0 pb  (@ 0.00%).
Born done 
Diff done 
Resummed done 
Expanded done 
 Step n ° 1 over 7
 Duration : 23.0435
ML= 814.813, mur= 407.407, muf= 407.407
Born= 0, Diff= 0
 Step N ° 1 over 1
 Duration : 23.0436
Thanks for using LHAPDF 6.4.0. Please make sure to cite the paper:
  Eur.Phys.J. C75 (2015) 3, 132  (http://arxiv.org/abs/1412.7420)
