This function requires 3 arguments
  - PDF ID (14400=CT18 NLO, 21100=MSTW2008nlo68cl, 3=CT14LL, 4=CTEQ6M)
Initial point and final point 
 MadLoop parameter passed 
LHAPDF 6.4.0 loading /home/matteo/LHAPDF/share/LHAPDF/MSTW2008nlo68cl/MSTW2008nlo68cl_0000.dat
MSTW2008nlo68cl PDF set, member #0, version 2; LHAPDF ID = 21100
LHAPDF 6.4.0 loading /home/matteo/LHAPDF/share/LHAPDF/MSTW2008nlo68cl/MSTW2008nlo68cl_0000.dat
MSTW2008nlo68cl PDF set, member #0, version 2; LHAPDF ID = 21100
LHAPDF 6.4.0 loading /home/matteo/LHAPDF/share/LHAPDF/MSTW2008nlo68cl/MSTW2008nlo68cl_0000.dat
MSTW2008nlo68cl PDF set, member #0, version 2; LHAPDF ID = 21100
LHAPDF 6.4.0 loading /home/matteo/LHAPDF/share/LHAPDF/MSTW2008nlo68cl/MSTW2008nlo68cl_0000.dat
MSTW2008nlo68cl PDF set, member #0, version 2; LHAPDF ID = 21100
LHAPDF 6.4.0 loading /home/matteo/LHAPDF/share/LHAPDF/MSTW2008nlo68cl/MSTW2008nlo68cl_0000.dat
MSTW2008nlo68cl PDF set, member #0, version 2; LHAPDF ID = 21100
LHAPDF 6.4.0 loading /home/matteo/LHAPDF/share/LHAPDF/MSTW2008nlo68cl/MSTW2008nlo68cl_0000.dat
MSTW2008nlo68cl PDF set, member #0, version 2; LHAPDF ID = 21100
LHAPDF 6.4.0 loading /home/matteo/LHAPDF/share/LHAPDF/MSTW2008nlo68cl/MSTW2008nlo68cl_0000.dat
MSTW2008nlo68cl PDF set, member #0, version 2; LHAPDF ID = 21100
LHAPDF 6.4.0 loading /home/matteo/LHAPDF/share/LHAPDF/MSTW2008nlo68cl/MSTW2008nlo68cl_0000.dat
MSTW2008nlo68cl PDF set, member #0, version 2; LHAPDF ID = 21100
LHAPDF 6.4.0 loading /home/matteo/LHAPDF/share/LHAPDF/MSTW2008nlo68cl/MSTW2008nlo68cl_0000.dat
MSTW2008nlo68cl PDF set, member #0, version 2; LHAPDF ID = 21100
The limits of integration are:

xl[0]=0.000000    xu[0]=1.000000
xl[1]=0.000000    xu[1]=1.000000

num_dim=2, calls=32, it_num=1, max_it_num=5 verb=0, alph=1.50,
mode=1, bins=50, boxes=4

       single.......iteration                   accumulated......results   
iteration     integral    sigma             integral         sigma     chi-sq/it

   1        9.6087e-05   1.34e-05          9.6087e-05      1.34e-05    0.00e+00
   2        3.5815e-05   2.34e-05          8.1215e-05      1.16e-05    5.01e+00
   3        2.6510e-05   7.82e-06          4.3581e-05      6.49e-06    1.01e+01
   4        4.3328e-05   2.50e-05          4.3565e-05      6.28e-06    6.76e+00
   5        3.2233e-05   1.40e-05          4.1677e-05      5.73e-06    5.20e+00

num_dim=2, calls=1922, it_num=1, max_it_num=3 verb=0, alph=1.50,
mode=-1, bins=31, boxes=31

       single.......iteration                   accumulated......results   
iteration     integral    sigma             integral         sigma     chi-sq/it

   1        4.6980e-05   2.51e-06          4.6980e-05      2.51e-06    0.00e+00
   2        4.8469e-05   7.32e-07          4.8353e-05      7.03e-07    3.24e-01
   3        4.7728e-05   3.73e-07          4.7866e-05      3.29e-07    4.70e-01
 ** INFO: Refine-1 results: 4.78657e-05 +/- 3.29328e-07 pb  (@ 0.69%).

num_dim=2, calls=10000, it_num=1, max_it_num=3 verb=0, alph=1.50,
mode=-1, bins=50, boxes=50

       single.......iteration                   accumulated......results   
iteration     integral    sigma             integral         sigma     chi-sq/it

   1        4.7760e-05   7.51e-08          4.7760e-05      7.51e-08    0.00e+00
   2        4.7707e-05   6.39e-08          4.7730e-05      4.87e-08    2.89e-01
   3        4.7647e-05   6.04e-08          4.7697e-05      3.79e-08    7.07e-01
 ** INFO: Refine-2 results: 4.76972e-05 +/- 3.78863e-08 pb  (@ 0.08%).
 ** INFO: final results: 4.76972e-05 +/- 3.78863e-08 pb  (@ 0.08%).
Born done 
The limits of integration are:

xl[0]=0.000000    xu[0]=1.000000
xl[1]=0.000000    xu[1]=1.000000
xl[2]=0.000000    xu[2]=1.000000
xl[3]=0.000000    xu[3]=1.000000

num_dim=4, calls=32, it_num=1, max_it_num=5 verb=0, alph=1.50,
mode=1, bins=50, boxes=2

       single.......iteration                   accumulated......results   
iteration     integral    sigma             integral         sigma     chi-sq/it

   1        0.0000e+00   0.00e+00          0.0000e+00      0.00e+00    0.00e+00
   2        0.0000e+00   0.00e+00          0.0000e+00      0.00e+00    0.00e+00
   3        0.0000e+00   0.00e+00          0.0000e+00      0.00e+00    0.00e+00
   4        0.0000e+00   0.00e+00          0.0000e+00      0.00e+00    0.00e+00
   5        0.0000e+00   0.00e+00          0.0000e+00      0.00e+00    0.00e+00

num_dim=4, calls=1875, it_num=1, max_it_num=3 verb=0, alph=1.50,
mode=1, bins=50, boxes=5

       single.......iteration                   accumulated......results   
iteration     integral    sigma             integral         sigma     chi-sq/it

   1        0.0000e+00   0.00e+00          0.0000e+00      0.00e+00    0.00e+00
   2        0.0000e+00   0.00e+00          0.0000e+00      0.00e+00    0.00e+00
   3        0.0000e+00   0.00e+00          0.0000e+00      0.00e+00    0.00e+00
 ** INFO: Refine-1 results: 0 +/- 0 pb  (@ 0.00%).
 ** INFO: final results: 0 +/- 0 pb  (@ 0.00%).
Born done 
Diff done 
Resummed done 
Expanded done 
 Step n ° 1 over 7
 Duration : 9.99264
ML= 618.733, mur= 309.367, muf= 309.367
Born= 0, Diff= 0
 Step N ° 1 over 1
 Duration : 9.99277
Thanks for using LHAPDF 6.4.0. Please make sure to cite the paper:
  Eur.Phys.J. C75 (2015) 3, 132  (http://arxiv.org/abs/1412.7420)
