This function requires 3 arguments
  - PDF ID (14400=CT18 NLO, 21100=MSTW2008nlo68cl, 3=CT14LL, 4=CTEQ6M)
Initial point and final point 
 MadLoop parameter passed 
LHAPDF 6.4.0 loading /home/matteo/LHAPDF/share/LHAPDF/MSTW2008nlo68cl/MSTW2008nlo68cl_0000.dat
MSTW2008nlo68cl PDF set, member #0, version 2; LHAPDF ID = 21100
LHAPDF 6.4.0 loading /home/matteo/LHAPDF/share/LHAPDF/MSTW2008nlo68cl/MSTW2008nlo68cl_0000.dat
MSTW2008nlo68cl PDF set, member #0, version 2; LHAPDF ID = 21100
LHAPDF 6.4.0 loading /home/matteo/LHAPDF/share/LHAPDF/MSTW2008nlo68cl/MSTW2008nlo68cl_0000.dat
MSTW2008nlo68cl PDF set, member #0, version 2; LHAPDF ID = 21100
LHAPDF 6.4.0 loading /home/matteo/LHAPDF/share/LHAPDF/MSTW2008nlo68cl/MSTW2008nlo68cl_0000.dat
MSTW2008nlo68cl PDF set, member #0, version 2; LHAPDF ID = 21100
LHAPDF 6.4.0 loading /home/matteo/LHAPDF/share/LHAPDF/MSTW2008nlo68cl/MSTW2008nlo68cl_0000.dat
MSTW2008nlo68cl PDF set, member #0, version 2; LHAPDF ID = 21100
LHAPDF 6.4.0 loading /home/matteo/LHAPDF/share/LHAPDF/MSTW2008nlo68cl/MSTW2008nlo68cl_0000.dat
MSTW2008nlo68cl PDF set, member #0, version 2; LHAPDF ID = 21100
LHAPDF 6.4.0 loading /home/matteo/LHAPDF/share/LHAPDF/MSTW2008nlo68cl/MSTW2008nlo68cl_0000.dat
MSTW2008nlo68cl PDF set, member #0, version 2; LHAPDF ID = 21100
LHAPDF 6.4.0 loading /home/matteo/LHAPDF/share/LHAPDF/MSTW2008nlo68cl/MSTW2008nlo68cl_0000.dat
MSTW2008nlo68cl PDF set, member #0, version 2; LHAPDF ID = 21100
LHAPDF 6.4.0 loading /home/matteo/LHAPDF/share/LHAPDF/MSTW2008nlo68cl/MSTW2008nlo68cl_0000.dat
MSTW2008nlo68cl PDF set, member #0, version 2; LHAPDF ID = 21100
The limits of integration are:

xl[0]=0.000000    xu[0]=1.000000
xl[1]=0.000000    xu[1]=1.000000

num_dim=2, calls=32, it_num=1, max_it_num=5 verb=0, alph=1.50,
mode=1, bins=50, boxes=4

       single.......iteration                   accumulated......results   
iteration     integral    sigma             integral         sigma     chi-sq/it

   1        2.3334e-04   2.73e-04          2.3334e-04      2.73e-04    0.00e+00
   2        -1.2780e-04   1.64e-04          -3.1879e-05      1.41e-04    1.29e+00
   3        3.9042e-04   2.97e-04          4.5432e-05      1.27e-04    1.47e+00
   4        5.2305e-05   1.05e-04          4.9508e-05      8.10e-05    9.81e-01
   5        1.9990e-05   5.90e-05          3.0207e-05      4.77e-05    7.57e-01

num_dim=2, calls=1922, it_num=1, max_it_num=3 verb=0, alph=1.50,
mode=-1, bins=31, boxes=31

       single.......iteration                   accumulated......results   
iteration     integral    sigma             integral         sigma     chi-sq/it

   1        1.4553e-04   1.56e-05          1.4553e-04      1.56e-05    0.00e+00
   2        1.7332e-04   4.56e-06          1.7112e-04      4.38e-06    2.94e+00
   3        1.7569e-04   2.36e-06          1.7466e-04      2.08e-06    1.89e+00
 ** INFO: Refine-1 results: 0.00017466 +/- 2.07912e-06 pb  (@ 1.19%).

num_dim=2, calls=10000, it_num=1, max_it_num=3 verb=0, alph=1.50,
mode=-1, bins=50, boxes=50

       single.......iteration                   accumulated......results   
iteration     integral    sigma             integral         sigma     chi-sq/it

   1        1.7568e-04   5.07e-07          1.7568e-04      5.07e-07    0.00e+00
   2        1.7563e-04   4.32e-07          1.7565e-04      3.29e-07    6.46e-03
   3        1.7471e-04   4.26e-07          1.7530e-04      2.60e-07    1.53e+00
 ** INFO: Refine-2 results: 0.000175299 +/- 2.60472e-07 pb  (@ 0.15%).
 ** INFO: final results: 0.000175299 +/- 2.60472e-07 pb  (@ 0.15%).
Born done 
The limits of integration are:

xl[0]=0.000000    xu[0]=1.000000
xl[1]=0.000000    xu[1]=1.000000
xl[2]=0.000000    xu[2]=1.000000
xl[3]=0.000000    xu[3]=1.000000

num_dim=4, calls=32, it_num=1, max_it_num=5 verb=0, alph=1.50,
mode=1, bins=50, boxes=2

       single.......iteration                   accumulated......results   
iteration     integral    sigma             integral         sigma     chi-sq/it

   1        0.0000e+00   0.00e+00          0.0000e+00      0.00e+00    0.00e+00
   2        0.0000e+00   0.00e+00          0.0000e+00      0.00e+00    0.00e+00
   3        0.0000e+00   0.00e+00          0.0000e+00      0.00e+00    0.00e+00
   4        0.0000e+00   0.00e+00          0.0000e+00      0.00e+00    0.00e+00
   5        0.0000e+00   0.00e+00          0.0000e+00      0.00e+00    0.00e+00

num_dim=4, calls=1875, it_num=1, max_it_num=3 verb=0, alph=1.50,
mode=1, bins=50, boxes=5

       single.......iteration                   accumulated......results   
iteration     integral    sigma             integral         sigma     chi-sq/it

   1        0.0000e+00   0.00e+00          0.0000e+00      0.00e+00    0.00e+00
   2        0.0000e+00   0.00e+00          0.0000e+00      0.00e+00    0.00e+00
   3        0.0000e+00   0.00e+00          0.0000e+00      0.00e+00    0.00e+00
 ** INFO: Refine-1 results: 0 +/- 0 pb  (@ 0.00%).
 ** INFO: final results: 0 +/- 0 pb  (@ 0.00%).
Born done 
Diff done 
Resummed done 
Expanded done 
 Step n ° 1 over 7
 Duration : 6.26979
ML= 488.013, mur= 244.007, muf= 244.007
Born= 0, Diff= 0
 Step N ° 1 over 1
 Duration : 6.26984
Thanks for using LHAPDF 6.4.0. Please make sure to cite the paper:
  Eur.Phys.J. C75 (2015) 3, 132  (http://arxiv.org/abs/1412.7420)
