This function requires 3 arguments
  - PDF ID (14400=CT18 NLO, 21100=MSTW2008nlo68cl, 3=CT14LL, 4=CTEQ6M)
Initial point and final point 
 MadLoop parameter passed 
LHAPDF 6.4.0 loading /home/matteo/LHAPDF/share/LHAPDF/MSTW2008nlo68cl/MSTW2008nlo68cl_0000.dat
MSTW2008nlo68cl PDF set, member #0, version 2; LHAPDF ID = 21100
LHAPDF 6.4.0 loading /home/matteo/LHAPDF/share/LHAPDF/MSTW2008nlo68cl/MSTW2008nlo68cl_0000.dat
MSTW2008nlo68cl PDF set, member #0, version 2; LHAPDF ID = 21100
LHAPDF 6.4.0 loading /home/matteo/LHAPDF/share/LHAPDF/MSTW2008nlo68cl/MSTW2008nlo68cl_0000.dat
MSTW2008nlo68cl PDF set, member #0, version 2; LHAPDF ID = 21100
LHAPDF 6.4.0 loading /home/matteo/LHAPDF/share/LHAPDF/MSTW2008nlo68cl/MSTW2008nlo68cl_0000.dat
MSTW2008nlo68cl PDF set, member #0, version 2; LHAPDF ID = 21100
LHAPDF 6.4.0 loading /home/matteo/LHAPDF/share/LHAPDF/MSTW2008nlo68cl/MSTW2008nlo68cl_0000.dat
MSTW2008nlo68cl PDF set, member #0, version 2; LHAPDF ID = 21100
LHAPDF 6.4.0 loading /home/matteo/LHAPDF/share/LHAPDF/MSTW2008nlo68cl/MSTW2008nlo68cl_0000.dat
MSTW2008nlo68cl PDF set, member #0, version 2; LHAPDF ID = 21100
LHAPDF 6.4.0 loading /home/matteo/LHAPDF/share/LHAPDF/MSTW2008nlo68cl/MSTW2008nlo68cl_0000.dat
MSTW2008nlo68cl PDF set, member #0, version 2; LHAPDF ID = 21100
LHAPDF 6.4.0 loading /home/matteo/LHAPDF/share/LHAPDF/MSTW2008nlo68cl/MSTW2008nlo68cl_0000.dat
MSTW2008nlo68cl PDF set, member #0, version 2; LHAPDF ID = 21100
LHAPDF 6.4.0 loading /home/matteo/LHAPDF/share/LHAPDF/MSTW2008nlo68cl/MSTW2008nlo68cl_0000.dat
MSTW2008nlo68cl PDF set, member #0, version 2; LHAPDF ID = 21100
The limits of integration are:

xl[0]=0.000000    xu[0]=1.000000
xl[1]=0.000000    xu[1]=1.000000

num_dim=2, calls=32, it_num=1, max_it_num=5 verb=0, alph=1.50,
mode=1, bins=50, boxes=4

       single.......iteration                   accumulated......results   
iteration     integral    sigma             integral         sigma     chi-sq/it

   1        2.6016e-03   7.47e-04          2.6016e-03      7.47e-04    0.00e+00
   2        1.4770e-04   3.49e-04          5.8811e-04      3.16e-04    8.86e+00
   3        8.3621e-05   3.24e-04          3.4199e-04      2.26e-04    5.05e+00
   4        -1.1266e-03   9.49e-04          2.6290e-04      2.20e-04    4.12e+00
   5        -7.3598e-04   5.64e-04          1.3065e-04      2.05e-04    3.77e+00

num_dim=2, calls=1922, it_num=1, max_it_num=3 verb=0, alph=1.50,
mode=-1, bins=31, boxes=31

       single.......iteration                   accumulated......results   
iteration     integral    sigma             integral         sigma     chi-sq/it

   1        6.3113e-04   2.42e-04          6.3113e-04      2.42e-04    0.00e+00
   2        4.5146e-04   4.37e-05          4.5713e-04      4.30e-05    5.33e-01
   3        4.4489e-04   2.15e-05          4.4733e-04      1.92e-05    2.99e-01
 ** INFO: Refine-1 results: 0.000447334 +/- 1.92279e-05 pb  (@ 4.30%).

num_dim=2, calls=10000, it_num=1, max_it_num=3 verb=0, alph=1.50,
mode=-1, bins=50, boxes=50

       single.......iteration                   accumulated......results   
iteration     integral    sigma             integral         sigma     chi-sq/it

   1        4.2317e-04   3.32e-06          4.2317e-04      3.32e-06    0.00e+00
   2        4.2571e-04   2.49e-06          4.2479e-04      1.99e-06    3.77e-01
   3        4.1959e-04   2.32e-06          4.2259e-04      1.51e-06    1.63e+00
 ** INFO: Refine-2 results: 0.000422589 +/- 1.51208e-06 pb  (@ 0.36%).
 ** INFO: final results: 0.000422589 +/- 1.51208e-06 pb  (@ 0.36%).
Born done 
The limits of integration are:

xl[0]=0.000000    xu[0]=1.000000
xl[1]=0.000000    xu[1]=1.000000
xl[2]=0.000000    xu[2]=1.000000
xl[3]=0.000000    xu[3]=1.000000

num_dim=4, calls=32, it_num=1, max_it_num=5 verb=0, alph=1.50,
mode=1, bins=50, boxes=2

       single.......iteration                   accumulated......results   
iteration     integral    sigma             integral         sigma     chi-sq/it

   1        0.0000e+00   0.00e+00          0.0000e+00      0.00e+00    0.00e+00
   2        0.0000e+00   0.00e+00          0.0000e+00      0.00e+00    0.00e+00
   3        0.0000e+00   0.00e+00          0.0000e+00      0.00e+00    0.00e+00
   4        0.0000e+00   0.00e+00          0.0000e+00      0.00e+00    0.00e+00
   5        0.0000e+00   0.00e+00          0.0000e+00      0.00e+00    0.00e+00

num_dim=4, calls=1875, it_num=1, max_it_num=3 verb=0, alph=1.50,
mode=1, bins=50, boxes=5

       single.......iteration                   accumulated......results   
iteration     integral    sigma             integral         sigma     chi-sq/it

   1        0.0000e+00   0.00e+00          0.0000e+00      0.00e+00    0.00e+00
   2        0.0000e+00   0.00e+00          0.0000e+00      0.00e+00    0.00e+00
   3        0.0000e+00   0.00e+00          0.0000e+00      0.00e+00    0.00e+00
 ** INFO: Refine-1 results: 0 +/- 0 pb  (@ 0.00%).
 ** INFO: final results: 0 +/- 0 pb  (@ 0.00%).
Born done 
Diff done 
Resummed done 
Expanded done 
 Step n ° 1 over 7
 Duration : 10.9122
ML= 357.293, mur= 178.647, muf= 178.647
Born= 0, Diff= 0
 Step N ° 1 over 1
 Duration : 10.9123
Thanks for using LHAPDF 6.4.0. Please make sure to cite the paper:
  Eur.Phys.J. C75 (2015) 3, 132  (http://arxiv.org/abs/1412.7420)
